[debug] [2025-06-13T18:36:35.237Z] ----------------------------------------------------------------------
[debug] [2025-06-13T18:36:35.239Z] Command:       /usr/local/share/nvm/versions/node/v20.19.0/bin/node /home/codespace/nvm/current/bin/firebase init
[debug] [2025-06-13T18:36:35.239Z] CLI Version:   14.7.0
[debug] [2025-06-13T18:36:35.239Z] Platform:      linux
[debug] [2025-06-13T18:36:35.239Z] Node Version:  v20.19.0
[debug] [2025-06-13T18:36:35.239Z] Time:          Fri Jun 13 2025 18:36:35 GMT+0000 (Coordinated Universal Time)
[debug] [2025-06-13T18:36:35.239Z] Env Overrides: GITHUB_API_URL, GITHUB_API_URL
[debug] [2025-06-13T18:36:35.240Z] ----------------------------------------------------------------------
[debug] 
[debug] [2025-06-13T18:36:35.243Z] > command requires scopes: ["email","openid","https://www.googleapis.com/auth/cloudplatformprojects.readonly","https://www.googleapis.com/auth/firebase","https://www.googleapis.com/auth/cloud-platform"]
[debug] [2025-06-13T18:36:35.243Z] > authorizing via signed-in user (aaa19941031@gmail.com)
[info] 
     ######## #### ########  ######## ########     ###     ######  ########
     ##        ##  ##     ## ##       ##     ##  ##   ##  ##       ##
     ######    ##  ########  ######   ########  #########  ######  ######
     ##        ##  ##    ##  ##       ##     ## ##     ##       ## ##
     ##       #### ##     ## ######## ########  ##     ##  ######  ########

You're about to initialize a Firebase project in this directory:

  /workspaces/LalaLand

Before we get started, keep in mind:

  * You are currently outside your home directory

[info] 
=== Project Setup
[info] 
[info] First, let's associate this project directory with a Firebase project.
[info] You can create multiple project aliases by running firebase use --add, 
[info] but for now we'll just set up a default project.
[info] 
[debug] [2025-06-13T18:37:17.724Z] Checked if tokens are valid: false, expires at: 1749803739229
[debug] [2025-06-13T18:37:17.724Z] Checked if tokens are valid: false, expires at: 1749803739229
[debug] [2025-06-13T18:37:17.724Z] > refreshing access token with scopes: []
[debug] [2025-06-13T18:37:17.726Z] >>> [apiv2][query] POST https://www.googleapis.com/oauth2/v3/token [none]
[debug] [2025-06-13T18:37:17.726Z] >>> [apiv2][body] POST https://www.googleapis.com/oauth2/v3/token [omitted]
[debug] [2025-06-13T18:37:17.804Z] <<< [apiv2][status] POST https://www.googleapis.com/oauth2/v3/token 200
[debug] [2025-06-13T18:37:17.804Z] <<< [apiv2][body] POST https://www.googleapis.com/oauth2/v3/token [omitted]
[debug] [2025-06-13T18:37:17.810Z] >>> [apiv2][query] GET https://firebase.googleapis.com/v1beta1/projects pageSize=100
[debug] [2025-06-13T18:37:18.561Z] <<< [apiv2][status] GET https://firebase.googleapis.com/v1beta1/projects 200
[debug] [2025-06-13T18:37:18.561Z] <<< [apiv2][body] GET https://firebase.googleapis.com/v1beta1/projects [omitted]
[info] i  Using project lalaland-24931 (LalaLand) 
[info] 
=== Dataconnect Setup
[debug] [2025-06-13T18:37:21.568Z] Checked if tokens are valid: true, expires at: 1749843436804
[debug] [2025-06-13T18:37:21.569Z] Checked if tokens are valid: true, expires at: 1749843436804
[debug] [2025-06-13T18:37:21.569Z] >>> [apiv2][query] GET https://cloudbilling.googleapis.com/v1/projects/lalaland-24931/billingInfo [none]
[debug] [2025-06-13T18:37:22.949Z] <<< [apiv2][status] GET https://cloudbilling.googleapis.com/v1/projects/lalaland-24931/billingInfo 200
[debug] [2025-06-13T18:37:22.949Z] <<< [apiv2][body] GET https://cloudbilling.googleapis.com/v1/projects/lalaland-24931/billingInfo {"name":"projects/lalaland-24931/billingInfo","projectId":"lalaland-24931","billingAccountName":"billingAccounts/01F672-3B3CF7-EF469E","billingEnabled":true}
[info] i  dataconnect: ensuring required API firebasedataconnect.googleapis.com is enabled... 
[debug] [2025-06-13T18:37:22.950Z] Checked if tokens are valid: true, expires at: 1749843436804
[debug] [2025-06-13T18:37:22.950Z] Checked if tokens are valid: true, expires at: 1749843436804
[debug] [2025-06-13T18:37:22.950Z] >>> [apiv2][query] GET https://serviceusage.googleapis.com/v1/projects/lalaland-24931/services/firebasedataconnect.googleapis.com [none]
[debug] [2025-06-13T18:37:22.951Z] >>> [apiv2][(partial)header] GET https://serviceusage.googleapis.com/v1/projects/lalaland-24931/services/firebasedataconnect.googleapis.com x-goog-quota-user=projects/lalaland-24931
[debug] [2025-06-13T18:37:24.501Z] <<< [apiv2][status] GET https://serviceusage.googleapis.com/v1/projects/lalaland-24931/services/firebasedataconnect.googleapis.com 200
[debug] [2025-06-13T18:37:24.501Z] <<< [apiv2][body] GET https://serviceusage.googleapis.com/v1/projects/lalaland-24931/services/firebasedataconnect.googleapis.com [omitted]
[warn] ⚠  dataconnect: missing required API firebasedataconnect.googleapis.com. Enabling now... 
[debug] [2025-06-13T18:37:24.502Z] Checked if tokens are valid: true, expires at: 1749843436804
[debug] [2025-06-13T18:37:24.502Z] Checked if tokens are valid: true, expires at: 1749843436804
[debug] [2025-06-13T18:37:24.502Z] >>> [apiv2][query] POST https://serviceusage.googleapis.com/v1/projects/lalaland-24931/services/firebasedataconnect.googleapis.com:enable [none]
[debug] [2025-06-13T18:37:24.502Z] >>> [apiv2][(partial)header] POST https://serviceusage.googleapis.com/v1/projects/lalaland-24931/services/firebasedataconnect.googleapis.com:enable x-goog-quota-user=projects/lalaland-24931
[debug] [2025-06-13T18:37:25.855Z] <<< [apiv2][status] POST https://serviceusage.googleapis.com/v1/projects/lalaland-24931/services/firebasedataconnect.googleapis.com:enable 200
[debug] [2025-06-13T18:37:25.855Z] <<< [apiv2][body] POST https://serviceusage.googleapis.com/v1/projects/lalaland-24931/services/firebasedataconnect.googleapis.com:enable [omitted]
[debug] [2025-06-13T18:37:35.859Z] Checked if tokens are valid: true, expires at: 1749843436804
[debug] [2025-06-13T18:37:35.859Z] Checked if tokens are valid: true, expires at: 1749843436804
[debug] [2025-06-13T18:37:35.859Z] >>> [apiv2][query] GET https://serviceusage.googleapis.com/v1/projects/lalaland-24931/services/firebasedataconnect.googleapis.com [none]
[debug] [2025-06-13T18:37:35.860Z] >>> [apiv2][(partial)header] GET https://serviceusage.googleapis.com/v1/projects/lalaland-24931/services/firebasedataconnect.googleapis.com x-goog-quota-user=projects/lalaland-24931
[debug] [2025-06-13T18:37:37.144Z] <<< [apiv2][status] GET https://serviceusage.googleapis.com/v1/projects/lalaland-24931/services/firebasedataconnect.googleapis.com 200
[debug] [2025-06-13T18:37:37.144Z] <<< [apiv2][body] GET https://serviceusage.googleapis.com/v1/projects/lalaland-24931/services/firebasedataconnect.googleapis.com [omitted]
[info] ✔  dataconnect: required API firebasedataconnect.googleapis.com is enabled 
[info] i  dataconnect: ensuring required API sqladmin.googleapis.com is enabled... 
[debug] [2025-06-13T18:37:37.147Z] Checked if tokens are valid: true, expires at: 1749843436804
[debug] [2025-06-13T18:37:37.147Z] Checked if tokens are valid: true, expires at: 1749843436804
[debug] [2025-06-13T18:37:37.147Z] >>> [apiv2][query] GET https://serviceusage.googleapis.com/v1/projects/lalaland-24931/services/sqladmin.googleapis.com [none]
[debug] [2025-06-13T18:37:37.147Z] >>> [apiv2][(partial)header] GET https://serviceusage.googleapis.com/v1/projects/lalaland-24931/services/sqladmin.googleapis.com x-goog-quota-user=projects/lalaland-24931
[debug] [2025-06-13T18:37:38.437Z] <<< [apiv2][status] GET https://serviceusage.googleapis.com/v1/projects/lalaland-24931/services/sqladmin.googleapis.com 200
[debug] [2025-06-13T18:37:38.438Z] <<< [apiv2][body] GET https://serviceusage.googleapis.com/v1/projects/lalaland-24931/services/sqladmin.googleapis.com [omitted]
[warn] ⚠  dataconnect: missing required API sqladmin.googleapis.com. Enabling now... 
[debug] [2025-06-13T18:37:38.438Z] Checked if tokens are valid: true, expires at: 1749843436804
[debug] [2025-06-13T18:37:38.438Z] Checked if tokens are valid: true, expires at: 1749843436804
[debug] [2025-06-13T18:37:38.438Z] >>> [apiv2][query] POST https://serviceusage.googleapis.com/v1/projects/lalaland-24931/services/sqladmin.googleapis.com:enable [none]
[debug] [2025-06-13T18:37:38.438Z] >>> [apiv2][(partial)header] POST https://serviceusage.googleapis.com/v1/projects/lalaland-24931/services/sqladmin.googleapis.com:enable x-goog-quota-user=projects/lalaland-24931
[debug] [2025-06-13T18:37:38.821Z] <<< [apiv2][status] POST https://serviceusage.googleapis.com/v1/projects/lalaland-24931/services/sqladmin.googleapis.com:enable 200
[debug] [2025-06-13T18:37:38.821Z] <<< [apiv2][body] POST https://serviceusage.googleapis.com/v1/projects/lalaland-24931/services/sqladmin.googleapis.com:enable [omitted]
[debug] [2025-06-13T18:37:48.827Z] Checked if tokens are valid: true, expires at: 1749843436804
[debug] [2025-06-13T18:37:48.827Z] Checked if tokens are valid: true, expires at: 1749843436804
[debug] [2025-06-13T18:37:48.827Z] >>> [apiv2][query] GET https://serviceusage.googleapis.com/v1/projects/lalaland-24931/services/sqladmin.googleapis.com [none]
[debug] [2025-06-13T18:37:48.827Z] >>> [apiv2][(partial)header] GET https://serviceusage.googleapis.com/v1/projects/lalaland-24931/services/sqladmin.googleapis.com x-goog-quota-user=projects/lalaland-24931
[debug] [2025-06-13T18:37:50.130Z] <<< [apiv2][status] GET https://serviceusage.googleapis.com/v1/projects/lalaland-24931/services/sqladmin.googleapis.com 200
[debug] [2025-06-13T18:37:50.130Z] <<< [apiv2][body] GET https://serviceusage.googleapis.com/v1/projects/lalaland-24931/services/sqladmin.googleapis.com [omitted]
[info] ✔  dataconnect: required API sqladmin.googleapis.com is enabled 
[info] i  dataconnect: ensuring required API compute.googleapis.com is enabled... 
[debug] [2025-06-13T18:37:50.132Z] Checked if tokens are valid: true, expires at: 1749843436804
[debug] [2025-06-13T18:37:50.132Z] Checked if tokens are valid: true, expires at: 1749843436804
[debug] [2025-06-13T18:37:50.132Z] >>> [apiv2][query] GET https://serviceusage.googleapis.com/v1/projects/lalaland-24931/services/compute.googleapis.com [none]
[debug] [2025-06-13T18:37:50.132Z] >>> [apiv2][(partial)header] GET https://serviceusage.googleapis.com/v1/projects/lalaland-24931/services/compute.googleapis.com x-goog-quota-user=projects/lalaland-24931
[debug] [2025-06-13T18:37:51.728Z] <<< [apiv2][status] GET https://serviceusage.googleapis.com/v1/projects/lalaland-24931/services/compute.googleapis.com 200
[debug] [2025-06-13T18:37:51.729Z] <<< [apiv2][body] GET https://serviceusage.googleapis.com/v1/projects/lalaland-24931/services/compute.googleapis.com [omitted]
[warn] ⚠  dataconnect: missing required API compute.googleapis.com. Enabling now... 
[debug] [2025-06-13T18:37:51.729Z] Checked if tokens are valid: true, expires at: 1749843436804
[debug] [2025-06-13T18:37:51.729Z] Checked if tokens are valid: true, expires at: 1749843436804
[debug] [2025-06-13T18:37:51.729Z] >>> [apiv2][query] POST https://serviceusage.googleapis.com/v1/projects/lalaland-24931/services/compute.googleapis.com:enable [none]
[debug] [2025-06-13T18:37:51.729Z] >>> [apiv2][(partial)header] POST https://serviceusage.googleapis.com/v1/projects/lalaland-24931/services/compute.googleapis.com:enable x-goog-quota-user=projects/lalaland-24931
[debug] [2025-06-13T18:37:52.308Z] <<< [apiv2][status] POST https://serviceusage.googleapis.com/v1/projects/lalaland-24931/services/compute.googleapis.com:enable 200
[debug] [2025-06-13T18:37:52.308Z] <<< [apiv2][body] POST https://serviceusage.googleapis.com/v1/projects/lalaland-24931/services/compute.googleapis.com:enable [omitted]
[debug] [2025-06-13T18:38:02.313Z] Checked if tokens are valid: true, expires at: 1749843436804
[debug] [2025-06-13T18:38:02.313Z] Checked if tokens are valid: true, expires at: 1749843436804
[debug] [2025-06-13T18:38:02.314Z] >>> [apiv2][query] GET https://serviceusage.googleapis.com/v1/projects/lalaland-24931/services/compute.googleapis.com [none]
[debug] [2025-06-13T18:38:02.314Z] >>> [apiv2][(partial)header] GET https://serviceusage.googleapis.com/v1/projects/lalaland-24931/services/compute.googleapis.com x-goog-quota-user=projects/lalaland-24931
[debug] [2025-06-13T18:38:03.720Z] <<< [apiv2][status] GET https://serviceusage.googleapis.com/v1/projects/lalaland-24931/services/compute.googleapis.com 200
[debug] [2025-06-13T18:38:03.720Z] <<< [apiv2][body] GET https://serviceusage.googleapis.com/v1/projects/lalaland-24931/services/compute.googleapis.com [omitted]
[info] i  dataconnect: waiting for API compute.googleapis.com to activate... 
[debug] [2025-06-13T18:38:13.725Z] Checked if tokens are valid: true, expires at: 1749843436804
[debug] [2025-06-13T18:38:13.726Z] Checked if tokens are valid: true, expires at: 1749843436804
[debug] [2025-06-13T18:38:13.726Z] >>> [apiv2][query] GET https://serviceusage.googleapis.com/v1/projects/lalaland-24931/services/compute.googleapis.com [none]
[debug] [2025-06-13T18:38:13.726Z] >>> [apiv2][(partial)header] GET https://serviceusage.googleapis.com/v1/projects/lalaland-24931/services/compute.googleapis.com x-goog-quota-user=projects/lalaland-24931
[debug] [2025-06-13T18:38:15.227Z] <<< [apiv2][status] GET https://serviceusage.googleapis.com/v1/projects/lalaland-24931/services/compute.googleapis.com 200
[debug] [2025-06-13T18:38:15.227Z] <<< [apiv2][body] GET https://serviceusage.googleapis.com/v1/projects/lalaland-24931/services/compute.googleapis.com [omitted]
[info] i  dataconnect: waiting for API compute.googleapis.com to activate... 
[debug] [2025-06-13T18:38:25.233Z] Checked if tokens are valid: true, expires at: 1749843436804
[debug] [2025-06-13T18:38:25.233Z] Checked if tokens are valid: true, expires at: 1749843436804
[debug] [2025-06-13T18:38:25.233Z] >>> [apiv2][query] GET https://serviceusage.googleapis.com/v1/projects/lalaland-24931/services/compute.googleapis.com [none]
[debug] [2025-06-13T18:38:25.233Z] >>> [apiv2][(partial)header] GET https://serviceusage.googleapis.com/v1/projects/lalaland-24931/services/compute.googleapis.com x-goog-quota-user=projects/lalaland-24931
[debug] [2025-06-13T18:38:25.825Z] <<< [apiv2][status] GET https://serviceusage.googleapis.com/v1/projects/lalaland-24931/services/compute.googleapis.com 200
[debug] [2025-06-13T18:38:25.825Z] <<< [apiv2][body] GET https://serviceusage.googleapis.com/v1/projects/lalaland-24931/services/compute.googleapis.com [omitted]
[info] i  dataconnect: waiting for API compute.googleapis.com to activate... 
[debug] [2025-06-13T18:38:35.828Z] Checked if tokens are valid: true, expires at: 1749843436804
[debug] [2025-06-13T18:38:35.829Z] Checked if tokens are valid: true, expires at: 1749843436804
[debug] [2025-06-13T18:38:35.829Z] >>> [apiv2][query] GET https://serviceusage.googleapis.com/v1/projects/lalaland-24931/services/compute.googleapis.com [none]
[debug] [2025-06-13T18:38:35.829Z] >>> [apiv2][(partial)header] GET https://serviceusage.googleapis.com/v1/projects/lalaland-24931/services/compute.googleapis.com x-goog-quota-user=projects/lalaland-24931
[debug] [2025-06-13T18:38:37.219Z] <<< [apiv2][status] GET https://serviceusage.googleapis.com/v1/projects/lalaland-24931/services/compute.googleapis.com 200
[debug] [2025-06-13T18:38:37.219Z] <<< [apiv2][body] GET https://serviceusage.googleapis.com/v1/projects/lalaland-24931/services/compute.googleapis.com [omitted]
[info] i  dataconnect: waiting for API compute.googleapis.com to activate... 
[debug] [2025-06-13T18:38:47.224Z] Checked if tokens are valid: true, expires at: 1749843436804
[debug] [2025-06-13T18:38:47.225Z] Checked if tokens are valid: true, expires at: 1749843436804
[debug] [2025-06-13T18:38:47.225Z] >>> [apiv2][query] GET https://serviceusage.googleapis.com/v1/projects/lalaland-24931/services/compute.googleapis.com [none]
[debug] [2025-06-13T18:38:47.225Z] >>> [apiv2][(partial)header] GET https://serviceusage.googleapis.com/v1/projects/lalaland-24931/services/compute.googleapis.com x-goog-quota-user=projects/lalaland-24931
